# JRE version: Java(TM) SE Runtime Environment (8.0_65-b17) (build 1.8.0_65-b17)
# Java VM: Java HotSpot(TM) 64-Bit Server VM (25.65-b01 mixed mode windows-amd64 compressed oops)
Heap:
 PSYoungGen      total 328704K, used 262553K [0x00000000d5e00000, 0x00000000ffa00000, 0x0000000100000000)
  eden space 230400K, 71% used [0x00000000d5e00000,0x00000000dfea9948,0x00000000e3f00000)
  from space 98304K, 99% used [0x00000000e3f00000,0x00000000e9ebcd18,0x00000000e9f00000)
  to   space 226816K, 0% used [0x00000000f1c80000,0x00000000f1c80000,0x00000000ffa00000)
 ParOldGen       total 482816K, used 246486K [0x0000000081a00000, 0x000000009f180000, 0x00000000d5e00000)
  object space 482816K, 51% used [0x0000000081a00000,0x0000000090ab5970,0x000000009f180000)
 Metaspace       used 50013K, capacity 50784K, committed 51112K, reserved 1093632K
  class space    used 6795K, capacity 6986K, committed 7080K, reserved 1048576K
GC Heap History (10 events):
Event: 282.644 GC heap before
{Heap before GC invocations=26 (full 4):
 PSYoungGen      total 448000K, used 442213K [0x00000000d5e00000, 0x0000000100000000, 0x0000000100000000)
  eden space 240640K, 97% used [0x00000000d5e00000,0x00000000e43ace90,0x00000000e4900000)
  from space 207360K, 99% used [0x00000000e4900000,0x00000000f132c570,0x00000000f1380000)
  to   space 229888K, 0% used [0x00000000f1f80000,0x00000000f1f80000,0x0000000100000000)
 ParOldGen       total 329728K, used 203688K [0x0000000081a00000, 0x0000000095c00000, 0x00000000d5e00000)
  object space 329728K, 61% used [0x0000000081a00000,0x000000008e0ea218,0x0000000095c00000)
 Metaspace       used 49442K, capacity 50218K, committed 50472K, reserved 1093632K
  class space    used 6730K, capacity 6939K, committed 6952K, reserved 1048576K
Event: 282.793 GC heap after
Heap after GC invocations=26 (full 4):
 PSYoungGen      total 460288K, used 92110K [0x00000000d5e00000, 0x0000000100000000, 0x0000000100000000)
  eden space 230400K, 0% used [0x00000000d5e00000,0x00000000d5e00000,0x00000000e3f00000)
  from space 229888K, 40% used [0x00000000f1f80000,0x00000000f7973a80,0x0000000100000000)
  to   space 229888K, 0% used [0x00000000e3f00000,0x00000000e3f00000,0x00000000f1f80000)
 ParOldGen       total 329728K, used 298804K [0x0000000081a00000, 0x0000000095c00000, 0x00000000d5e00000)
  object space 329728K, 90% used [0x0000000081a00000,0x0000000093dcd2f8,0x0000000095c00000)
 Metaspace       used 49442K, capacity 50218K, committed 50472K, reserved 1093632K
  class space    used 6730K, capacity 6939K, committed 6952K, reserved 1048576K
}
Event: 282.793 GC heap before
{Heap before GC invocations=27 (full 5):
 PSYoungGen      total 460288K, used 92110K [0x00000000d5e00000, 0x0000000100000000, 0x0000000100000000)
  eden space 230400K, 0% used [0x00000000d5e00000,0x00000000d5e00000,0x00000000e3f00000)
  from space 229888K, 40% used [0x00000000f1f80000,0x00000000f7973a80,0x0000000100000000)
  to   space 229888K, 0% used [0x00000000e3f00000,0x00000000e3f00000,0x00000000f1f80000)
 ParOldGen       total 329728K, used 298804K [0x0000000081a00000, 0x0000000095c00000, 0x00000000d5e00000)
  object space 329728K, 90% used [0x0000000081a00000,0x0000000093dcd2f8,0x0000000095c00000)
 Metaspace       used 49442K, capacity 50218K, committed 50472K, reserved 1093632K
  class space    used 6730K, capacity 6939K, committed 6952K, reserved 1048576K
Event: 284.367 GC heap after
Heap after GC invocations=27 (full 5):
 PSYoungGen      total 460288K, used 0K [0x00000000d5e00000, 0x0000000100000000, 0x0000000100000000)
  eden space 230400K, 0% used [0x00000000d5e00000,0x00000000d5e00000,0x00000000e3f00000)
  from space 229888K, 0% used [0x00000000f1f80000,0x00000000f1f80000,0x0000000100000000)
  to   space 229888K, 0% used [0x00000000e3f00000,0x00000000e3f00000,0x00000000f1f80000)
 ParOldGen       total 482816K, used 246462K [0x0000000081a00000, 0x000000009f180000, 0x00000000d5e00000)
  object space 482816K, 51% used [0x0000000081a00000,0x0000000090aaf970,0x000000009f180000)
 Metaspace       used 49419K, capacity 50182K, committed 50472K, reserved 1093632K
  class space    used 6727K, capacity 6933K, committed 6952K, reserved 1048576K
}
Event: 343.836 GC heap before
{Heap before GC invocations=28 (full 5):
 PSYoungGen      total 460288K, used 223836K [0x00000000d5e00000, 0x0000000100000000, 0x0000000100000000)
  eden space 230400K, 97% used [0x00000000d5e00000,0x00000000e38972e0,0x00000000e3f00000)
  from space 229888K, 0% used [0x00000000f1f80000,0x00000000f1f80000,0x0000000100000000)
  to   space 229888K, 0% used [0x00000000e3f00000,0x00000000e3f00000,0x00000000f1f80000)
 ParOldGen       total 482816K, used 246462K [0x0000000081a00000, 0x000000009f180000, 0x00000000d5e00000)
  object space 482816K, 51% used [0x0000000081a00000,0x0000000090aaf970,0x000000009f180000)
 Metaspace       used 49621K, capacity 50350K, committed 50472K, reserved 1093632K
  class space    used 6757K, capacity 6951K, committed 6952K, reserved 1048576K
Event: 343.845 GC heap after
Heap after GC invocations=28 (full 5):
 PSYoungGen      total 460288K, used 32347K [0x00000000d5e00000, 0x0000000100000000, 0x0000000100000000)
  eden space 230400K, 0% used [0x00000000d5e00000,0x00000000d5e00000,0x00000000e3f00000)
  from space 229888K, 14% used [0x00000000e3f00000,0x00000000e5e96e40,0x00000000f1f80000)
  to   space 229888K, 0% used [0x00000000f1f80000,0x00000000f1f80000,0x0000000100000000)
 ParOldGen       total 482816K, used 246470K [0x0000000081a00000, 0x000000009f180000, 0x00000000d5e00000)
  object space 482816K, 51% used [0x0000000081a00000,0x0000000090ab1970,0x000000009f180000)
 Metaspace       used 49621K, capacity 50350K, committed 50472K, reserved 1093632K
  class space    used 6757K, capacity 6951K, committed 6952K, reserved 1048576K
}
Event: 344.548 GC heap before
{Heap before GC invocations=29 (full 5):
 PSYoungGen      total 460288K, used 260119K [0x00000000d5e00000, 0x0000000100000000, 0x0000000100000000)
  eden space 230400K, 98% used [0x00000000d5e00000,0x00000000e3c6f088,0x00000000e3f00000)
  from space 229888K, 14% used [0x00000000e3f00000,0x00000000e5e96e40,0x00000000f1f80000)
  to   space 229888K, 0% used [0x00000000f1f80000,0x00000000f1f80000,0x0000000100000000)
 ParOldGen       total 482816K, used 246470K [0x0000000081a00000, 0x000000009f180000, 0x00000000d5e00000)
  object space 482816K, 51% used [0x0000000081a00000,0x0000000090ab1970,0x000000009f180000)
 Metaspace       used 49676K, capacity 50432K, committed 50600K, reserved 1093632K
  class space    used 6762K, capacity 6954K, committed 7080K, reserved 1048576K
Event: 344.555 GC heap after
Heap after GC invocations=29 (full 5):
 PSYoungGen      total 460288K, used 21312K [0x00000000d5e00000, 0x0000000100000000, 0x0000000100000000)
  eden space 230400K, 0% used [0x00000000d5e00000,0x00000000d5e00000,0x00000000e3f00000)
  from space 229888K, 9% used [0x00000000f1f80000,0x00000000f3450000,0x0000000100000000)
  to   space 229888K, 0% used [0x00000000e3f00000,0x00000000e3f00000,0x00000000f1f80000)
 ParOldGen       total 482816K, used 246478K [0x0000000081a00000, 0x000000009f180000, 0x00000000d5e00000)
  object space 482816K, 51% used [0x0000000081a00000,0x0000000090ab3970,0x000000009f180000)
 Metaspace       used 49676K, capacity 50432K, committed 50600K, reserved 1093632K
  class space    used 6762K, capacity 6954K, committed 7080K, reserved 1048576K
}
Event: 345.148 GC heap before
{Heap before GC invocations=30 (full 5):
 PSYoungGen      total 460288K, used 251588K [0x00000000d5e00000, 0x0000000100000000, 0x0000000100000000)
  eden space 230400K, 99% used [0x00000000d5e00000,0x00000000e3ee10e8,0x00000000e3f00000)
  from space 229888K, 9% used [0x00000000f1f80000,0x00000000f3450000,0x0000000100000000)
  to   space 229888K, 0% used [0x00000000e3f00000,0x00000000e3f00000,0x00000000f1f80000)
 ParOldGen       total 482816K, used 246478K [0x0000000081a00000, 0x000000009f180000, 0x00000000d5e00000)
  object space 482816K, 51% used [0x0000000081a00000,0x0000000090ab3970,0x000000009f180000)
 Metaspace       used 49689K, capacity 50432K, committed 50600K, reserved 1093632K
  class space    used 6762K, capacity 6954K, committed 7080K, reserved 1048576K
Event: 345.207 GC heap after
Heap after GC invocations=30 (full 5):
 PSYoungGen      total 328704K, used 98035K [0x00000000d5e00000, 0x00000000ffa00000, 0x0000000100000000)
  eden space 230400K, 0% used [0x00000000d5e00000,0x00000000d5e00000,0x00000000e3f00000)
  from space 98304K, 99% used [0x00000000e3f00000,0x00000000e9ebcd18,0x00000000e9f00000)
  to   space 226816K, 0% used [0x00000000f1c80000,0x00000000f1c80000,0x00000000ffa00000)
 ParOldGen       total 482816K, used 246486K [0x0000000081a00000, 0x000000009f180000, 0x00000000d5e00000)
  object space 482816K, 51% used [0x0000000081a00000,0x0000000090ab5970,0x000000009f180000)
 Metaspace       used 49689K, capacity 50432K, committed 50600K, reserved 1093632K
  class space    used 6762K, capacity 6954K, committed 7080K, reserved 1048576K
}

