# JRE version: Java(TM) SE Runtime Environment (8.0_65-b17) (build 1.8.0_65-b17)
# Java VM: Java HotSpot(TM) 64-Bit Server VM (25.65-b01 mixed mode windows-amd64 compressed oops)
Heap:
 PSYoungGen      total 214016K, used 149533K [0x00000000d5e00000, 0x00000000ec700000, 0x0000000100000000)
  eden space 153600K, 97% used [0x00000000d5e00000,0x00000000df0075a0,0x00000000df400000)
  from space 60416K, 0% used [0x00000000e4c80000,0x00000000e4c80000,0x00000000e8780000)
  to   space 90624K, 0% used [0x00000000df400000,0x00000000df400000,0x00000000e4c80000)
 ParOldGen       total 314368K, used 134381K [0x0000000081a00000, 0x0000000094d00000, 0x00000000d5e00000)
  object space 314368K, 42% used [0x0000000081a00000,0x0000000089d3b778,0x0000000094d00000)
 Metaspace       used 45921K, capacity 46432K, committed 46592K, reserved 1089536K
  class space    used 6142K, capacity 6286K, committed 6400K, reserved 1048576K
GC Heap History (10 events):
Event: 7.498 GC heap before
{Heap before GC invocations=12 (full 3):
 PSYoungGen      total 133632K, used 32237K [0x00000000d5e00000, 0x00000000e5480000, 0x0000000100000000)
  eden space 101376K, 0% used [0x00000000d5e00000,0x00000000d5e00000,0x00000000dc100000)
  from space 32256K, 99% used [0x00000000dc100000,0x00000000de07b7b8,0x00000000de080000)
  to   space 51200K, 0% used [0x00000000e2280000,0x00000000e2280000,0x00000000e5480000)
 ParOldGen       total 93184K, used 85280K [0x0000000081a00000, 0x0000000087500000, 0x00000000d5e00000)
  object space 93184K, 91% used [0x0000000081a00000,0x0000000086d48370,0x0000000087500000)
 Metaspace       used 39489K, capacity 39900K, committed 40192K, reserved 1083392K
  class space    used 5491K, capacity 5614K, committed 5632K, reserved 1048576K
Event: 7.807 GC heap after
Heap after GC invocations=12 (full 3):
 PSYoungGen      total 133632K, used 0K [0x00000000d5e00000, 0x00000000e5480000, 0x0000000100000000)
  eden space 101376K, 0% used [0x00000000d5e00000,0x00000000d5e00000,0x00000000dc100000)
  from space 32256K, 0% used [0x00000000dc100000,0x00000000dc100000,0x00000000de080000)
  to   space 51200K, 0% used [0x00000000e2280000,0x00000000e2280000,0x00000000e5480000)
 ParOldGen       total 217600K, used 87622K [0x0000000081a00000, 0x000000008ee80000, 0x00000000d5e00000)
  object space 217600K, 40% used [0x0000000081a00000,0x0000000086f91970,0x000000008ee80000)
 Metaspace       used 39485K, capacity 39894K, committed 40192K, reserved 1083392K
  class space    used 5490K, capacity 5613K, committed 5632K, reserved 1048576K
}
Event: 8.123 GC heap before
{Heap before GC invocations=13 (full 3):
 PSYoungGen      total 133632K, used 101376K [0x00000000d5e00000, 0x00000000e5480000, 0x0000000100000000)
  eden space 101376K, 100% used [0x00000000d5e00000,0x00000000dc100000,0x00000000dc100000)
  from space 32256K, 0% used [0x00000000dc100000,0x00000000dc100000,0x00000000de080000)
  to   space 51200K, 0% used [0x00000000e2280000,0x00000000e2280000,0x00000000e5480000)
 ParOldGen       total 217600K, used 87622K [0x0000000081a00000, 0x000000008ee80000, 0x00000000d5e00000)
  object space 217600K, 40% used [0x0000000081a00000,0x0000000086f91970,0x000000008ee80000)
 Metaspace       used 39547K, capacity 39996K, committed 40320K, reserved 1083392K
  class space    used 5505K, capacity 5646K, committed 5760K, reserved 1048576K
Event: 8.177 GC heap after
Heap after GC invocations=13 (full 3):
 PSYoungGen      total 185856K, used 46754K [0x00000000d5e00000, 0x00000000e5400000, 0x0000000100000000)
  eden space 135168K, 0% used [0x00000000d5e00000,0x00000000d5e00000,0x00000000de200000)
  from space 50688K, 92% used [0x00000000e2280000,0x00000000e5028ba8,0x00000000e5400000)
  to   space 58368K, 0% used [0x00000000de200000,0x00000000de200000,0x00000000e1b00000)
 ParOldGen       total 217600K, used 87630K [0x0000000081a00000, 0x000000008ee80000, 0x00000000d5e00000)
  object space 217600K, 40% used [0x0000000081a00000,0x0000000086f93970,0x000000008ee80000)
 Metaspace       used 39547K, capacity 39996K, committed 40320K, reserved 1083392K
  class space    used 5505K, capacity 5646K, committed 5760K, reserved 1048576K
}
Event: 8.645 GC heap before
{Heap before GC invocations=14 (full 3):
 PSYoungGen      total 185856K, used 181210K [0x00000000d5e00000, 0x00000000e5400000, 0x0000000100000000)
  eden space 135168K, 99% used [0x00000000d5e00000,0x00000000de14dda8,0x00000000de200000)
  from space 50688K, 92% used [0x00000000e2280000,0x00000000e5028ba8,0x00000000e5400000)
  to   space 58368K, 0% used [0x00000000de200000,0x00000000de200000,0x00000000e1b00000)
 ParOldGen       total 217600K, used 87630K [0x0000000081a00000, 0x000000008ee80000, 0x00000000d5e00000)
  object space 217600K, 40% used [0x0000000081a00000,0x0000000086f93970,0x000000008ee80000)
 Metaspace       used 40404K, capacity 40840K, committed 41216K, reserved 1085440K
  class space    used 5639K, capacity 5776K, committed 5888K, reserved 1048576K
Event: 8.714 GC heap after
Heap after GC invocations=14 (full 3):
 PSYoungGen      total 193536K, used 37520K [0x00000000d5e00000, 0x00000000e8780000, 0x0000000100000000)
  eden space 135168K, 0% used [0x00000000d5e00000,0x00000000d5e00000,0x00000000de200000)
  from space 58368K, 64% used [0x00000000de200000,0x00000000e06a4020,0x00000000e1b00000)
  to   space 60416K, 0% used [0x00000000e4c80000,0x00000000e4c80000,0x00000000e8780000)
 ParOldGen       total 217600K, used 125280K [0x0000000081a00000, 0x000000008ee80000, 0x00000000d5e00000)
  object space 217600K, 57% used [0x0000000081a00000,0x0000000089458340,0x000000008ee80000)
 Metaspace       used 40404K, capacity 40840K, committed 41216K, reserved 1085440K
  class space    used 5639K, capacity 5776K, committed 5888K, reserved 1048576K
}
Event: 9.106 GC heap before
{Heap before GC invocations=15 (full 3):
 PSYoungGen      total 193536K, used 172688K [0x00000000d5e00000, 0x00000000e8780000, 0x0000000100000000)
  eden space 135168K, 100% used [0x00000000d5e00000,0x00000000de200000,0x00000000de200000)
  from space 58368K, 64% used [0x00000000de200000,0x00000000e06a4020,0x00000000e1b00000)
  to   space 60416K, 0% used [0x00000000e4c80000,0x00000000e4c80000,0x00000000e8780000)
 ParOldGen       total 217600K, used 125280K [0x0000000081a00000, 0x000000008ee80000, 0x00000000d5e00000)
  object space 217600K, 57% used [0x0000000081a00000,0x0000000089458340,0x000000008ee80000)
 Metaspace       used 40585K, capacity 41038K, committed 41472K, reserved 1085440K
  class space    used 5646K, capacity 5777K, committed 5888K, reserved 1048576K
Event: 9.194 GC heap after
Heap after GC invocations=15 (full 3):
 PSYoungGen      total 214016K, used 60407K [0x00000000d5e00000, 0x00000000ec700000, 0x0000000100000000)
  eden space 153600K, 0% used [0x00000000d5e00000,0x00000000d5e00000,0x00000000df400000)
  from space 60416K, 99% used [0x00000000e4c80000,0x00000000e877dee8,0x00000000e8780000)
  to   space 90624K, 0% used [0x00000000df400000,0x00000000df400000,0x00000000e4c80000)
 ParOldGen       total 217600K, used 180708K [0x0000000081a00000, 0x000000008ee80000, 0x00000000d5e00000)
  object space 217600K, 83% used [0x0000000081a00000,0x000000008ca793b0,0x000000008ee80000)
 Metaspace       used 40585K, capacity 41038K, committed 41472K, reserved 1085440K
  class space    used 5646K, capacity 5777K, committed 5888K, reserved 1048576K
}
Event: 9.194 GC heap before
{Heap before GC invocations=16 (full 4):
 PSYoungGen      total 214016K, used 60407K [0x00000000d5e00000, 0x00000000ec700000, 0x0000000100000000)
  eden space 153600K, 0% used [0x00000000d5e00000,0x00000000d5e00000,0x00000000df400000)
  from space 60416K, 99% used [0x00000000e4c80000,0x00000000e877dee8,0x00000000e8780000)
  to   space 90624K, 0% used [0x00000000df400000,0x00000000df400000,0x00000000e4c80000)
 ParOldGen       total 217600K, used 180708K [0x0000000081a00000, 0x000000008ee80000, 0x00000000d5e00000)
  object space 217600K, 83% used [0x0000000081a00000,0x000000008ca793b0,0x000000008ee80000)
 Metaspace       used 40585K, capacity 41038K, committed 41472K, reserved 1085440K
  class space    used 5646K, capacity 5777K, committed 5888K, reserved 1048576K
Event: 9.501 GC heap after
Heap after GC invocations=16 (full 4):
 PSYoungGen      total 214016K, used 0K [0x00000000d5e00000, 0x00000000ec700000, 0x0000000100000000)
  eden space 153600K, 0% used [0x00000000d5e00000,0x00000000d5e00000,0x00000000df400000)
  from space 60416K, 0% used [0x00000000e4c80000,0x00000000e4c80000,0x00000000e8780000)
  to   space 90624K, 0% used [0x00000000df400000,0x00000000df400000,0x00000000e4c80000)
 ParOldGen       total 314368K, used 134381K [0x0000000081a00000, 0x0000000094d00000, 0x00000000d5e00000)
  object space 314368K, 42% used [0x0000000081a00000,0x0000000089d3b778,0x0000000094d00000)
 Metaspace       used 40585K, capacity 41038K, committed 41472K, reserved 1085440K
  class space    used 5646K, capacity 5777K, committed 5888K, reserved 1048576K
}

